2014/06/18 16:03:39 [error] [system.db.CDbCommand] CDbCommand::fetchAll() failed: SQLSTATE[42S02]: Base table or view not found: 1146 Table 'banco.dvd' doesn't exist. The SQL statement executed was: SHOW FULL COLUMNS FROM `dvd`.
in /Applications/MAMP/htdocs/Banco/index.php (13)
2014/06/23 16:49:49 [error] [php] Cannot modify header information - headers already sent by (output started at /Users/fabiopriebecarvalho/AppsYii/Banco/index.php:2) (/Users/fabiopriebecarvalho/AppsYii/yii/framework/web/CHttpRequest.php:803)
Stack trace:
#0 /Users/fabiopriebecarvalho/AppsYii/yii/framework/web/auth/CAccessControlFilter.php(180): CWebUser->loginRequired()
#1 /Users/fabiopriebecarvalho/AppsYii/yii/framework/web/auth/CAccessControlFilter.php(145): CAccessControlFilter->accessDenied()
#2 /Users/fabiopriebecarvalho/AppsYii/yii/framework/web/filters/CFilter.php(38): CAccessControlFilter->preFilter()
#3 /Users/fabiopriebecarvalho/AppsYii/yii/framework/web/CController.php(1145): CAccessControlFilter->filter()
#4 /Users/fabiopriebecarvalho/AppsYii/yii/framework/web/filters/CInlineFilter.php(58): CidadeController->filterAccessControl()
#5 /Users/fabiopriebecarvalho/AppsYii/yii/framework/web/filters/CFilterChain.php(130): CInlineFilter->filter()
#6 /Users/fabiopriebecarvalho/AppsYii/yii/framework/web/CController.php(291): CFilterChain->run()
#7 /Users/fabiopriebecarvalho/AppsYii/yii/framework/web/CController.php(265): CidadeController->runActionWithFilters()
#8 /Users/fabiopriebecarvalho/AppsYii/yii/framework/web/CWebApplication.php(282): CidadeController->run()
#9 /Users/fabiopriebecarvalho/AppsYii/yii/framework/web/CWebApplication.php(141): CWebApplication->runController()
#10 /Users/fabiopriebecarvalho/AppsYii/yii/framework/base/CApplication.php(180): CWebApplication->processRequest()
#11 /Users/fabiopriebecarvalho/AppsYii/Banco/index.php(13): CWebApplication->run()
REQUEST_URI=/Banco/index.php?r=cidade/create
in /Users/fabiopriebecarvalho/AppsYii/Banco/index.php (13)
2014/06/23 16:58:32 [error] [php] Cannot modify header information - headers already sent by (output started at /Users/fabiopriebecarvalho/AppsYii/Banco/index.php:2) (/Users/fabiopriebecarvalho/AppsYii/yii/framework/web/CHttpRequest.php:803)
Stack trace:
#0 /Users/fabiopriebecarvalho/AppsYii/yii/framework/web/auth/CAccessControlFilter.php(180): CWebUser->loginRequired()
#1 /Users/fabiopriebecarvalho/AppsYii/yii/framework/web/auth/CAccessControlFilter.php(145): CAccessControlFilter->accessDenied()
#2 /Users/fabiopriebecarvalho/AppsYii/yii/framework/web/filters/CFilter.php(38): CAccessControlFilter->preFilter()
#3 /Users/fabiopriebecarvalho/AppsYii/yii/framework/web/CController.php(1145): CAccessControlFilter->filter()
#4 /Users/fabiopriebecarvalho/AppsYii/yii/framework/web/filters/CInlineFilter.php(58): EstadoController->filterAccessControl()
#5 /Users/fabiopriebecarvalho/AppsYii/yii/framework/web/filters/CFilterChain.php(130): CInlineFilter->filter()
#6 /Users/fabiopriebecarvalho/AppsYii/yii/framework/web/CController.php(291): CFilterChain->run()
#7 /Users/fabiopriebecarvalho/AppsYii/yii/framework/web/CController.php(265): EstadoController->runActionWithFilters()
#8 /Users/fabiopriebecarvalho/AppsYii/yii/framework/web/CWebApplication.php(282): EstadoController->run()
#9 /Users/fabiopriebecarvalho/AppsYii/yii/framework/web/CWebApplication.php(141): CWebApplication->runController()
#10 /Users/fabiopriebecarvalho/AppsYii/yii/framework/base/CApplication.php(180): CWebApplication->processRequest()
#11 /Users/fabiopriebecarvalho/AppsYii/Banco/index.php(13): CWebApplication->run()
REQUEST_URI=/Banco/index.php?r=estado/create
in /Users/fabiopriebecarvalho/AppsYii/Banco/index.php (13)
2014/06/23 17:06:43 [error] [php] Cannot modify header information - headers already sent by (output started at /Users/fabiopriebecarvalho/AppsYii/Banco/index.php:2) (/Users/fabiopriebecarvalho/AppsYii/yii/framework/web/CHttpRequest.php:803)
Stack trace:
#0 /Users/fabiopriebecarvalho/AppsYii/yii/framework/web/auth/CAccessControlFilter.php(180): CWebUser->loginRequired()
#1 /Users/fabiopriebecarvalho/AppsYii/yii/framework/web/auth/CAccessControlFilter.php(145): CAccessControlFilter->accessDenied()
#2 /Users/fabiopriebecarvalho/AppsYii/yii/framework/web/filters/CFilter.php(38): CAccessControlFilter->preFilter()
#3 /Users/fabiopriebecarvalho/AppsYii/yii/framework/web/CController.php(1145): CAccessControlFilter->filter()
#4 /Users/fabiopriebecarvalho/AppsYii/yii/framework/web/filters/CInlineFilter.php(58): CidadeController->filterAccessControl()
#5 /Users/fabiopriebecarvalho/AppsYii/yii/framework/web/filters/CFilterChain.php(130): CInlineFilter->filter()
#6 /Users/fabiopriebecarvalho/AppsYii/yii/framework/web/CController.php(291): CFilterChain->run()
#7 /Users/fabiopriebecarvalho/AppsYii/yii/framework/web/CController.php(265): CidadeController->runActionWithFilters()
#8 /Users/fabiopriebecarvalho/AppsYii/yii/framework/web/CWebApplication.php(282): CidadeController->run()
#9 /Users/fabiopriebecarvalho/AppsYii/yii/framework/web/CWebApplication.php(141): CWebApplication->runController()
#10 /Users/fabiopriebecarvalho/AppsYii/yii/framework/base/CApplication.php(180): CWebApplication->processRequest()
#11 /Users/fabiopriebecarvalho/AppsYii/Banco/index.php(13): CWebApplication->run()
REQUEST_URI=/Banco/index.php?r=cidade/create
in /Users/fabiopriebecarvalho/AppsYii/Banco/index.php (13)
2014/06/23 17:07:36 [error] [php] session_regenerate_id(): Cannot regenerate session id - headers already sent (/Users/fabiopriebecarvalho/AppsYii/yii/framework/web/CHttpSession.php:181)
Stack trace:
#0 /Users/fabiopriebecarvalho/AppsYii/yii/framework/web/auth/CWebUser.php(233): CWebUser->changeIdentity()
#1 /Users/fabiopriebecarvalho/AppsYii/Banco/protected/models/LoginForm.php(71): CWebUser->login()
#2 /Users/fabiopriebecarvalho/AppsYii/Banco/protected/controllers/SiteController.php(94): LoginForm->login()
#3 /Users/fabiopriebecarvalho/AppsYii/yii/framework/web/actions/CInlineAction.php(49): SiteController->actionLogin()
#4 /Users/fabiopriebecarvalho/AppsYii/yii/framework/web/CController.php(308): CInlineAction->runWithParams()
#5 /Users/fabiopriebecarvalho/AppsYii/yii/framework/web/CController.php(286): SiteController->runAction()
#6 /Users/fabiopriebecarvalho/AppsYii/yii/framework/web/CController.php(265): SiteController->runActionWithFilters()
#7 /Users/fabiopriebecarvalho/AppsYii/yii/framework/web/CWebApplication.php(282): SiteController->run()
#8 /Users/fabiopriebecarvalho/AppsYii/yii/framework/web/CWebApplication.php(141): CWebApplication->runController()
#9 /Users/fabiopriebecarvalho/AppsYii/yii/framework/base/CApplication.php(180): CWebApplication->processRequest()
#10 /Users/fabiopriebecarvalho/AppsYii/Banco/index.php(13): CWebApplication->run()
REQUEST_URI=/Banco/index.php?r=site/login
in /Users/fabiopriebecarvalho/AppsYii/Banco/protected/models/LoginForm.php (71)
in /Users/fabiopriebecarvalho/AppsYii/Banco/protected/controllers/SiteController.php (94)
in /Users/fabiopriebecarvalho/AppsYii/Banco/index.php (13)
2014/06/23 17:07:52 [error] [php] session_regenerate_id(): Cannot regenerate session id - headers already sent (/Users/fabiopriebecarvalho/AppsYii/yii/framework/web/CHttpSession.php:181)
Stack trace:
#0 /Users/fabiopriebecarvalho/AppsYii/yii/framework/web/auth/CWebUser.php(233): CWebUser->changeIdentity()
#1 /Users/fabiopriebecarvalho/AppsYii/Banco/protected/models/LoginForm.php(71): CWebUser->login()
#2 /Users/fabiopriebecarvalho/AppsYii/Banco/protected/controllers/SiteController.php(94): LoginForm->login()
#3 /Users/fabiopriebecarvalho/AppsYii/yii/framework/web/actions/CInlineAction.php(49): SiteController->actionLogin()
#4 /Users/fabiopriebecarvalho/AppsYii/yii/framework/web/CController.php(308): CInlineAction->runWithParams()
#5 /Users/fabiopriebecarvalho/AppsYii/yii/framework/web/CController.php(286): SiteController->runAction()
#6 /Users/fabiopriebecarvalho/AppsYii/yii/framework/web/CController.php(265): SiteController->runActionWithFilters()
#7 /Users/fabiopriebecarvalho/AppsYii/yii/framework/web/CWebApplication.php(282): SiteController->run()
#8 /Users/fabiopriebecarvalho/AppsYii/yii/framework/web/CWebApplication.php(141): CWebApplication->runController()
#9 /Users/fabiopriebecarvalho/AppsYii/yii/framework/base/CApplication.php(180): CWebApplication->processRequest()
#10 /Users/fabiopriebecarvalho/AppsYii/Banco/index.php(13): CWebApplication->run()
REQUEST_URI=/Banco/index.php?r=site/login
in /Users/fabiopriebecarvalho/AppsYii/Banco/protected/models/LoginForm.php (71)
in /Users/fabiopriebecarvalho/AppsYii/Banco/protected/controllers/SiteController.php (94)
in /Users/fabiopriebecarvalho/AppsYii/Banco/index.php (13)
2014/06/23 17:08:06 [error] [php] Cannot modify header information - headers already sent by (output started at /Users/fabiopriebecarvalho/AppsYii/Banco/index.php:2) (/Users/fabiopriebecarvalho/AppsYii/yii/framework/web/CHttpRequest.php:803)
Stack trace:
#0 /Users/fabiopriebecarvalho/AppsYii/yii/framework/web/auth/CAccessControlFilter.php(180): CWebUser->loginRequired()
#1 /Users/fabiopriebecarvalho/AppsYii/yii/framework/web/auth/CAccessControlFilter.php(145): CAccessControlFilter->accessDenied()
#2 /Users/fabiopriebecarvalho/AppsYii/yii/framework/web/filters/CFilter.php(38): CAccessControlFilter->preFilter()
#3 /Users/fabiopriebecarvalho/AppsYii/yii/framework/web/CController.php(1145): CAccessControlFilter->filter()
#4 /Users/fabiopriebecarvalho/AppsYii/yii/framework/web/filters/CInlineFilter.php(58): CidadeController->filterAccessControl()
#5 /Users/fabiopriebecarvalho/AppsYii/yii/framework/web/filters/CFilterChain.php(130): CInlineFilter->filter()
#6 /Users/fabiopriebecarvalho/AppsYii/yii/framework/web/CController.php(291): CFilterChain->run()
#7 /Users/fabiopriebecarvalho/AppsYii/yii/framework/web/CController.php(265): CidadeController->runActionWithFilters()
#8 /Users/fabiopriebecarvalho/AppsYii/yii/framework/web/CWebApplication.php(282): CidadeController->run()
#9 /Users/fabiopriebecarvalho/AppsYii/yii/framework/web/CWebApplication.php(141): CWebApplication->runController()
#10 /Users/fabiopriebecarvalho/AppsYii/yii/framework/base/CApplication.php(180): CWebApplication->processRequest()
#11 /Users/fabiopriebecarvalho/AppsYii/Banco/index.php(13): CWebApplication->run()
REQUEST_URI=/Banco/index.php?r=cidade/create
in /Users/fabiopriebecarvalho/AppsYii/Banco/index.php (13)
2014/06/23 17:08:26 [error] [php] session_regenerate_id(): Cannot regenerate session id - headers already sent (/Users/fabiopriebecarvalho/AppsYii/yii/framework/web/CHttpSession.php:181)
Stack trace:
#0 /Users/fabiopriebecarvalho/AppsYii/yii/framework/web/auth/CWebUser.php(233): CWebUser->changeIdentity()
#1 /Users/fabiopriebecarvalho/AppsYii/Banco/protected/models/LoginForm.php(71): CWebUser->login()
#2 /Users/fabiopriebecarvalho/AppsYii/Banco/protected/controllers/SiteController.php(94): LoginForm->login()
#3 /Users/fabiopriebecarvalho/AppsYii/yii/framework/web/actions/CInlineAction.php(49): SiteController->actionLogin()
#4 /Users/fabiopriebecarvalho/AppsYii/yii/framework/web/CController.php(308): CInlineAction->runWithParams()
#5 /Users/fabiopriebecarvalho/AppsYii/yii/framework/web/CController.php(286): SiteController->runAction()
#6 /Users/fabiopriebecarvalho/AppsYii/yii/framework/web/CController.php(265): SiteController->runActionWithFilters()
#7 /Users/fabiopriebecarvalho/AppsYii/yii/framework/web/CWebApplication.php(282): SiteController->run()
#8 /Users/fabiopriebecarvalho/AppsYii/yii/framework/web/CWebApplication.php(141): CWebApplication->runController()
#9 /Users/fabiopriebecarvalho/AppsYii/yii/framework/base/CApplication.php(180): CWebApplication->processRequest()
#10 /Users/fabiopriebecarvalho/AppsYii/Banco/index.php(13): CWebApplication->run()
REQUEST_URI=/Banco/index.php?r=site/login
in /Users/fabiopriebecarvalho/AppsYii/Banco/protected/models/LoginForm.php (71)
in /Users/fabiopriebecarvalho/AppsYii/Banco/protected/controllers/SiteController.php (94)
in /Users/fabiopriebecarvalho/AppsYii/Banco/index.php (13)
2014/06/23 17:13:05 [error] [php] session_regenerate_id(): Cannot regenerate session id - headers already sent (/Users/fabiopriebecarvalho/AppsYii/yii/framework/web/CHttpSession.php:181)
Stack trace:
#0 /Users/fabiopriebecarvalho/AppsYii/yii/framework/web/auth/CWebUser.php(233): CWebUser->changeIdentity()
#1 /Users/fabiopriebecarvalho/AppsYii/Banco/protected/models/LoginForm.php(71): CWebUser->login()
#2 /Users/fabiopriebecarvalho/AppsYii/Banco/protected/controllers/SiteController.php(94): LoginForm->login()
#3 /Users/fabiopriebecarvalho/AppsYii/yii/framework/web/actions/CInlineAction.php(49): SiteController->actionLogin()
#4 /Users/fabiopriebecarvalho/AppsYii/yii/framework/web/CController.php(308): CInlineAction->runWithParams()
#5 /Users/fabiopriebecarvalho/AppsYii/yii/framework/web/CController.php(286): SiteController->runAction()
#6 /Users/fabiopriebecarvalho/AppsYii/yii/framework/web/CController.php(265): SiteController->runActionWithFilters()
#7 /Users/fabiopriebecarvalho/AppsYii/yii/framework/web/CWebApplication.php(282): SiteController->run()
#8 /Users/fabiopriebecarvalho/AppsYii/yii/framework/web/CWebApplication.php(141): CWebApplication->runController()
#9 /Users/fabiopriebecarvalho/AppsYii/yii/framework/base/CApplication.php(180): CWebApplication->processRequest()
#10 /Users/fabiopriebecarvalho/AppsYii/Banco/index.php(13): CWebApplication->run()
REQUEST_URI=/Banco/index.php?r=site/login
in /Users/fabiopriebecarvalho/AppsYii/Banco/protected/models/LoginForm.php (71)
in /Users/fabiopriebecarvalho/AppsYii/Banco/protected/controllers/SiteController.php (94)
in /Users/fabiopriebecarvalho/AppsYii/Banco/index.php (13)
2014/06/23 17:14:53 [error] [php] include(CHtlm.php): failed to open stream: No such file or directory (/Users/fabiopriebecarvalho/AppsYii/yii/framework/YiiBase.php:427)
Stack trace:
#0 /Users/fabiopriebecarvalho/AppsYii/Banco/protected/views/cidade/_form.php(32): spl_autoload_call()
#1 /Users/fabiopriebecarvalho/AppsYii/yii/framework/web/CBaseController.php(126): require()
#2 /Users/fabiopriebecarvalho/AppsYii/yii/framework/web/CBaseController.php(95): CidadeController->renderInternal()
#3 /Users/fabiopriebecarvalho/AppsYii/yii/framework/web/CController.php(869): CidadeController->renderFile()
#4 /Users/fabiopriebecarvalho/AppsYii/Banco/protected/views/cidade/create.php(19): CidadeController->renderPartial()
#5 /Users/fabiopriebecarvalho/AppsYii/yii/framework/web/CBaseController.php(126): require()
#6 /Users/fabiopriebecarvalho/AppsYii/yii/framework/web/CBaseController.php(95): CidadeController->renderInternal()
#7 /Users/fabiopriebecarvalho/AppsYii/yii/framework/web/CController.php(869): CidadeController->renderFile()
#8 /Users/fabiopriebecarvalho/AppsYii/yii/framework/web/CController.php(782): CidadeController->renderPartial()
#9 /Users/fabiopriebecarvalho/AppsYii/Banco/protected/controllers/CidadeController.php(80): CidadeController->render()
#10 /Users/fabiopriebecarvalho/AppsYii/yii/framework/web/actions/CInlineAction.php(49): CidadeController->actionCreate()
#11 /Users/fabiopriebecarvalho/AppsYii/yii/framework/web/CController.php(308): CInlineAction->runWithParams()
#12 /Users/fabiopriebecarvalho/AppsYii/yii/framework/web/filters/CFilterChain.php(133): CidadeController->runAction()
#13 /Users/fabiopriebecarvalho/AppsYii/yii/framework/web/filters/CFilter.php(40): CFilterChain->run()
#14 /Users/fabiopriebecarvalho/AppsYii/yii/framework/web/CController.php(1145): CAccessControlFilter->filter()
#15 /Users/fabiopriebecarvalho/AppsYii/yii/framework/web/filters/CInlineFilter.php(58): CidadeController->filterAccessControl()
#16 /Users/fabiopriebecarvalho/AppsYii/yii/framework/web/filters/CFilterChain.php(130): CInlineFilter->filter()
#17 /Users/fabiopriebecarvalho/AppsYii/yii/framework/web/CController.php(291): CFilterChain->run()
#18 /Users/fabiopriebecarvalho/AppsYii/yii/framework/web/CController.php(265): CidadeController->runActionWithFilters()
#19 /Users/fabiopriebecarvalho/AppsYii/yii/framework/web/CWebApplication.php(282): CidadeController->run()
#20 /Users/fabiopriebecarvalho/AppsYii/yii/framework/web/CWebApplication.php(141): CWebApplication->runController()
#21 /Users/fabiopriebecarvalho/AppsYii/yii/framework/base/CApplication.php(180): CWebApplication->processRequest()
#22 /Users/fabiopriebecarvalho/AppsYii/Banco/index.php(12): CWebApplication->run()
REQUEST_URI=/Banco/index.php?r=cidade/create
in /Users/fabiopriebecarvalho/AppsYii/Banco/protected/views/cidade/_form.php (32)
in /Users/fabiopriebecarvalho/AppsYii/Banco/protected/views/cidade/create.php (19)
in /Users/fabiopriebecarvalho/AppsYii/Banco/protected/controllers/CidadeController.php (80)
2014/06/23 17:15:37 [error] [php] include(CHtlm.php): failed to open stream: No such file or directory (/Users/fabiopriebecarvalho/AppsYii/yii/framework/YiiBase.php:427)
Stack trace:
#0 /Users/fabiopriebecarvalho/AppsYii/Banco/protected/views/cidade/_form.php(32): spl_autoload_call()
#1 /Users/fabiopriebecarvalho/AppsYii/yii/framework/web/CBaseController.php(126): require()
#2 /Users/fabiopriebecarvalho/AppsYii/yii/framework/web/CBaseController.php(95): CidadeController->renderInternal()
#3 /Users/fabiopriebecarvalho/AppsYii/yii/framework/web/CController.php(869): CidadeController->renderFile()
#4 /Users/fabiopriebecarvalho/AppsYii/Banco/protected/views/cidade/create.php(19): CidadeController->renderPartial()
#5 /Users/fabiopriebecarvalho/AppsYii/yii/framework/web/CBaseController.php(126): require()
#6 /Users/fabiopriebecarvalho/AppsYii/yii/framework/web/CBaseController.php(95): CidadeController->renderInternal()
#7 /Users/fabiopriebecarvalho/AppsYii/yii/framework/web/CController.php(869): CidadeController->renderFile()
#8 /Users/fabiopriebecarvalho/AppsYii/yii/framework/web/CController.php(782): CidadeController->renderPartial()
#9 /Users/fabiopriebecarvalho/AppsYii/Banco/protected/controllers/CidadeController.php(80): CidadeController->render()
#10 /Users/fabiopriebecarvalho/AppsYii/yii/framework/web/actions/CInlineAction.php(49): CidadeController->actionCreate()
#11 /Users/fabiopriebecarvalho/AppsYii/yii/framework/web/CController.php(308): CInlineAction->runWithParams()
#12 /Users/fabiopriebecarvalho/AppsYii/yii/framework/web/filters/CFilterChain.php(133): CidadeController->runAction()
#13 /Users/fabiopriebecarvalho/AppsYii/yii/framework/web/filters/CFilter.php(40): CFilterChain->run()
#14 /Users/fabiopriebecarvalho/AppsYii/yii/framework/web/CController.php(1145): CAccessControlFilter->filter()
#15 /Users/fabiopriebecarvalho/AppsYii/yii/framework/web/filters/CInlineFilter.php(58): CidadeController->filterAccessControl()
#16 /Users/fabiopriebecarvalho/AppsYii/yii/framework/web/filters/CFilterChain.php(130): CInlineFilter->filter()
#17 /Users/fabiopriebecarvalho/AppsYii/yii/framework/web/CController.php(291): CFilterChain->run()
#18 /Users/fabiopriebecarvalho/AppsYii/yii/framework/web/CController.php(265): CidadeController->runActionWithFilters()
#19 /Users/fabiopriebecarvalho/AppsYii/yii/framework/web/CWebApplication.php(282): CidadeController->run()
#20 /Users/fabiopriebecarvalho/AppsYii/yii/framework/web/CWebApplication.php(141): CWebApplication->runController()
#21 /Users/fabiopriebecarvalho/AppsYii/yii/framework/base/CApplication.php(180): CWebApplication->processRequest()
#22 /Users/fabiopriebecarvalho/AppsYii/Banco/index.php(12): CWebApplication->run()
REQUEST_URI=/Banco/index.php?r=cidade/create
in /Users/fabiopriebecarvalho/AppsYii/Banco/protected/views/cidade/_form.php (32)
in /Users/fabiopriebecarvalho/AppsYii/Banco/protected/views/cidade/create.php (19)
in /Users/fabiopriebecarvalho/AppsYii/Banco/protected/controllers/CidadeController.php (80)
